f:\projects\с++\adriver\adriver\x64\release\vc142.pdb
f:\projects\с++\adriver\adriver\x64\release\utils.obj
f:\projects\с++\adriver\adriver\x64\release\main.obj
f:\projects\с++\adriver\x64\release\adriver\adriver.cat
f:\projects\с++\adriver\x64\release\adriver.sys
f:\projects\с++\adriver\x64\release\adriver.pdb
f:\projects\с++\adriver\adriver\x64\release\adriver.inf
f:\projects\с++\adriver\x64\release\adriver.inf
f:\projects\с++\adriver\adriver\x64\release\adriver.tlog\cl.command.1.tlog
f:\projects\с++\adriver\adriver\x64\release\adriver.tlog\cl.read.1.tlog
f:\projects\с++\adriver\adriver\x64\release\adriver.tlog\cl.write.1.tlog
f:\projects\с++\adriver\adriver\x64\release\adriver.tlog\inf2cat-expand.12208.read.1.tlog
f:\projects\с++\adriver\adriver\x64\release\adriver.tlog\inf2cat-expand.12208.write.1.tlog
f:\projects\с++\adriver\adriver\x64\release\adriver.tlog\inf2cat-expand.read.1.tlog
f:\projects\с++\adriver\adriver\x64\release\adriver.tlog\inf2cat-expand.write.1.tlog
f:\projects\с++\adriver\adriver\x64\release\adriver.tlog\inf2cat.command.1.tlog
f:\projects\с++\adriver\adriver\x64\release\adriver.tlog\inf2cat.read.1.tlog
f:\projects\с++\adriver\adriver\x64\release\adriver.tlog\inf2cat.write.1.tlog
f:\projects\с++\adriver\adriver\x64\release\adriver.tlog\link.command.1.tlog
f:\projects\с++\adriver\adriver\x64\release\adriver.tlog\link.read.1.tlog
f:\projects\с++\adriver\adriver\x64\release\adriver.tlog\link.write.1.tlog
f:\projects\с++\adriver\adriver\x64\release\adriver.tlog\stampinf.command.1.tlog
f:\projects\с++\adriver\adriver\x64\release\adriver.tlog\stampinf.read.1.tlog
f:\projects\с++\adriver\adriver\x64\release\adriver.tlog\stampinf.write.1.tlog
